<?xml version="1.0" encoding="UTF-8"?>
<robot generator="Robot 3.2.1 (Python 3.8.2 on win32)" generated="20200805 11:30:50.534" rpa="true">
<suite id="s1" name="Tasks" source="C:\Users\eick036\repos\robot-task-webservice\tasks">
<suite id="s1-s1" name="Anothertask" source="C:\Users\eick036\repos\robot-task-webservice\tasks\anothertask.robot">
<test id="s1-s1-t1" name="Noch ein Task">
<kw name="Log" library="BuiltIn">
<doc>Logs the given message with the given level.</doc>
<arguments>
<arg>ABCDEFG</arg>
</arguments>
<status status="PASS" starttime="20200805 11:30:50.584" endtime="20200805 11:30:50.585"></status>
</kw>
<status status="PASS" starttime="20200805 11:30:50.582" endtime="20200805 11:30:50.585" critical="yes"></status>
</test>
<status status="PASS" starttime="20200805 11:30:50.576" endtime="20200805 11:30:50.587"></status>
</suite>
<status status="PASS" starttime="20200805 11:30:50.541" endtime="20200805 11:30:50.588"></status>
</suite>
<statistics>
<total>
<stat pass="1" fail="0">Critical Tasks</stat>
<stat pass="1" fail="0">All Tasks</stat>
</total>
<tag>
</tag>
<suite>
<stat pass="1" fail="0" id="s1" name="Tasks">Tasks</stat>
<stat pass="1" fail="0" id="s1-s1" name="Anothertask">Tasks.Anothertask</stat>
</suite>
</statistics>
<errors>
</errors>
</robot>
